<?xml version="1.0" encoding="UTF-8"?>
<testng-results skipped="0" failed="0" ignored="0" total="1" passed="1">
  <reporter-output>
  </reporter-output>
  <suite name="Suite1" duration-ms="9070" started-at="2018-09-25T17:52:48Z" finished-at="2018-09-25T17:52:57Z">
    <groups>
    </groups>
    <test name="SubmitForm" duration-ms="9070" started-at="2018-09-25T17:52:48Z" finished-at="2018-09-25T17:52:57Z">
      <class name="test.TestFormSubmit">
        <test-method status="PASS" signature="intializeDriver()[pri:0, instance:test.TestFormSubmit@5b275dab]" name="intializeDriver" is-config="true" duration-ms="8262" started-at="2018-09-25T17:52:48Z" finished-at="2018-09-25T17:52:56Z">
          <reporter-output>
          </reporter-output>
        </test-method> <!-- intializeDriver -->
        <test-method status="PASS" signature="test()[pri:0, instance:test.TestFormSubmit@5b275dab]" name="test" duration-ms="18" started-at="2018-09-25T17:52:56Z" finished-at="2018-09-25T17:52:56Z">
          <reporter-output>
          </reporter-output>
        </test-method> <!-- test -->
        <test-method status="PASS" signature="close()[pri:0, instance:test.TestFormSubmit@5b275dab]" name="close" is-config="true" duration-ms="740" started-at="2018-09-25T17:52:56Z" finished-at="2018-09-25T17:52:57Z">
          <reporter-output>
          </reporter-output>
        </test-method> <!-- close -->
      </class> <!-- test.TestFormSubmit -->
    </test> <!-- SubmitForm -->
  </suite> <!-- Suite1 -->
</testng-results>
